{"C:\\kimson\\Kim_Coding\\project\\meeting-minutes\\src\\model\\timestamp.ts": {"path":"C:\\kimson\\Kim_Coding\\project\\meeting-minutes\\src\\model\\timestamp.ts","statementMap":{"0":{"start":{"line":1,"column":0},"end":{"line":1,"column":42}},"1":{"start":{"line":5,"column":4},"end":{"line":5,"column":46}},"2":{"start":{"line":6,"column":4},"end":{"line":6,"column":40}},"3":{"start":{"line":7,"column":4},"end":{"line":7,"column":38}},"4":{"start":{"line":8,"column":4},"end":{"line":8,"column":40}},"5":{"start":{"line":9,"column":4},"end":{"line":9,"column":44}},"6":{"start":{"line":10,"column":4},"end":{"line":10,"column":44}},"7":{"start":{"line":11,"column":4},"end":{"line":11,"column":54}},"8":{"start":{"line":14,"column":4},"end":{"line":14,"column":48}},"9":{"start":{"line":17,"column":4},"end":{"line":17,"column":43}},"10":{"start":{"line":20,"column":4},"end":{"line":20,"column":40}},"11":{"start":{"line":23,"column":4},"end":{"line":23,"column":42}},"12":{"start":{"line":26,"column":4},"end":{"line":26,"column":48}},"13":{"start":{"line":29,"column":4},"end":{"line":29,"column":48}},"14":{"start":{"line":32,"column":4},"end":{"line":32,"column":54}},"15":{"start":{"line":36,"column":4},"end":{"line":36,"column":31}},"16":{"start":{"line":37,"column":4},"end":{"line":37,"column":34}},"17":{"start":{"line":38,"column":4},"end":{"line":38,"column":31}},"18":{"start":{"line":39,"column":4},"end":{"line":39,"column":31}},"19":{"start":{"line":40,"column":4},"end":{"line":40,"column":37}},"20":{"start":{"line":41,"column":4},"end":{"line":41,"column":37}},"21":{"start":{"line":42,"column":4},"end":{"line":42,"column":34}},"22":{"start":{"line":46,"column":4},"end":{"line":48,"column":6}},"23":{"start":{"line":51,"column":4},"end":{"line":51,"column":42}},"24":{"start":{"line":54,"column":4},"end":{"line":54,"column":41}},"25":{"start":{"line":57,"column":4},"end":{"line":57,"column":41}},"26":{"start":{"line":60,"column":4},"end":{"line":60,"column":51}},"27":{"start":{"line":63,"column":4},"end":{"line":63,"column":16}},"28":{"start":{"line":3,"column":0},"end":{"line":3,"column":21}}},"fnMap":{"0":{"name":"(anonymous_0)","decl":{"start":{"line":4,"column":2},"end":{"line":4,"column":12}},"loc":{"start":{"line":4,"column":40},"end":{"line":12,"column":3}}},"1":{"name":"(anonymous_1)","decl":{"start":{"line":13,"column":2},"end":{"line":13,"column":9}},"loc":{"start":{"line":13,"column":22},"end":{"line":15,"column":3}}},"2":{"name":"(anonymous_2)","decl":{"start":{"line":16,"column":2},"end":{"line":16,"column":10}},"loc":{"start":{"line":16,"column":24},"end":{"line":18,"column":3}}},"3":{"name":"(anonymous_3)","decl":{"start":{"line":19,"column":2},"end":{"line":19,"column":9}},"loc":{"start":{"line":19,"column":22},"end":{"line":21,"column":3}}},"4":{"name":"(anonymous_4)","decl":{"start":{"line":22,"column":2},"end":{"line":22,"column":9}},"loc":{"start":{"line":22,"column":22},"end":{"line":24,"column":3}}},"5":{"name":"(anonymous_5)","decl":{"start":{"line":25,"column":2},"end":{"line":25,"column":11}},"loc":{"start":{"line":25,"column":26},"end":{"line":27,"column":3}}},"6":{"name":"(anonymous_6)","decl":{"start":{"line":28,"column":2},"end":{"line":28,"column":11}},"loc":{"start":{"line":28,"column":26},"end":{"line":30,"column":3}}},"7":{"name":"(anonymous_7)","decl":{"start":{"line":31,"column":2},"end":{"line":31,"column":16}},"loc":{"start":{"line":31,"column":27},"end":{"line":33,"column":3}}},"8":{"name":"(anonymous_8)","decl":{"start":{"line":35,"column":2},"end":{"line":35,"column":5}},"loc":{"start":{"line":35,"column":77},"end":{"line":43,"column":3}}},"9":{"name":"(anonymous_9)","decl":{"start":{"line":45,"column":2},"end":{"line":45,"column":9}},"loc":{"start":{"line":45,"column":30},"end":{"line":49,"column":3}}},"10":{"name":"(anonymous_10)","decl":{"start":{"line":50,"column":2},"end":{"line":50,"column":14}},"loc":{"start":{"line":50,"column":35},"end":{"line":52,"column":3}}},"11":{"name":"(anonymous_11)","decl":{"start":{"line":53,"column":2},"end":{"line":53,"column":13}},"loc":{"start":{"line":53,"column":34},"end":{"line":55,"column":3}}},"12":{"name":"(anonymous_12)","decl":{"start":{"line":56,"column":2},"end":{"line":56,"column":10}},"loc":{"start":{"line":56,"column":31},"end":{"line":58,"column":3}}},"13":{"name":"(anonymous_13)","decl":{"start":{"line":59,"column":2},"end":{"line":59,"column":10}},"loc":{"start":{"line":59,"column":10},"end":{"line":61,"column":3}}},"14":{"name":"(anonymous_14)","decl":{"start":{"line":62,"column":2},"end":{"line":62,"column":8}},"loc":{"start":{"line":62,"column":8},"end":{"line":64,"column":3}}}},"branchMap":{"0":{"loc":{"start":{"line":36,"column":4},"end":{"line":36,"column":30}},"type":"binary-expr","locations":[{"start":{"line":36,"column":4},"end":{"line":36,"column":8}},{"start":{"line":36,"column":12},"end":{"line":36,"column":30}}]},"1":{"loc":{"start":{"line":37,"column":4},"end":{"line":37,"column":33}},"type":"binary-expr","locations":[{"start":{"line":37,"column":4},"end":{"line":37,"column":9}},{"start":{"line":37,"column":13},"end":{"line":37,"column":33}}]},"2":{"loc":{"start":{"line":38,"column":4},"end":{"line":38,"column":30}},"type":"binary-expr","locations":[{"start":{"line":38,"column":4},"end":{"line":38,"column":8}},{"start":{"line":38,"column":12},"end":{"line":38,"column":30}}]},"3":{"loc":{"start":{"line":39,"column":4},"end":{"line":39,"column":30}},"type":"binary-expr","locations":[{"start":{"line":39,"column":4},"end":{"line":39,"column":8}},{"start":{"line":39,"column":12},"end":{"line":39,"column":30}}]},"4":{"loc":{"start":{"line":40,"column":4},"end":{"line":40,"column":36}},"type":"binary-expr","locations":[{"start":{"line":40,"column":4},"end":{"line":40,"column":10}},{"start":{"line":40,"column":14},"end":{"line":40,"column":36}}]},"5":{"loc":{"start":{"line":41,"column":4},"end":{"line":41,"column":36}},"type":"binary-expr","locations":[{"start":{"line":41,"column":4},"end":{"line":41,"column":10}},{"start":{"line":41,"column":14},"end":{"line":41,"column":36}}]},"6":{"loc":{"start":{"line":42,"column":4},"end":{"line":42,"column":33}},"type":"binary-expr","locations":[{"start":{"line":42,"column":4},"end":{"line":42,"column":6}},{"start":{"line":42,"column":10},"end":{"line":42,"column":33}}]}},"s":{"0":1,"1":0,"2":0,"3":0,"4":0,"5":0,"6":0,"7":0,"8":2,"9":1,"10":0,"11":7,"12":0,"13":0,"14":0,"15":2,"16":2,"17":2,"18":2,"19":2,"20":2,"21":2,"22":3,"23":1,"24":1,"25":1,"26":0,"27":0,"28":1},"f":{"0":0,"1":2,"2":1,"3":0,"4":7,"5":0,"6":0,"7":0,"8":2,"9":3,"10":1,"11":1,"12":1,"13":0,"14":0},"b":{"0":[2,2],"1":[2,1],"2":[2,0],"3":[2,0],"4":[2,0],"5":[2,0],"6":[2,0]}}
,"C:\\kimson\\Kim_Coding\\project\\meeting-minutes\\src\\model\\todo.manager.ts": {"path":"C:\\kimson\\Kim_Coding\\project\\meeting-minutes\\src\\model\\todo.manager.ts","statementMap":{"0":{"start":{"line":1,"column":0},"end":{"line":1,"column":26}},"1":{"start":{"line":4,"column":19},"end":{"line":4,"column":null}},"2":{"start":{"line":6,"column":2},"end":{"line":6,"column":null}},"3":{"start":{"line":10,"column":4},"end":{"line":12,"column":5}},"4":{"start":{"line":11,"column":6},"end":{"line":11,"column":21}},"5":{"start":{"line":13,"column":4},"end":{"line":13,"column":32}},"6":{"start":{"line":17,"column":4},"end":{"line":17,"column":31}},"7":{"start":{"line":21,"column":23},"end":{"line":21,"column":62}},"8":{"start":{"line":22,"column":21},"end":{"line":22,"column":53}},"9":{"start":{"line":23,"column":4},"end":{"line":23,"column":50}},"10":{"start":{"line":23,"column":34},"end":{"line":23,"column":48}},"11":{"start":{"line":27,"column":21},"end":{"line":27,"column":67}},"12":{"start":{"line":27,"column":55},"end":{"line":27,"column":66}},"13":{"start":{"line":28,"column":29},"end":{"line":28,"column":61}},"14":{"start":{"line":28,"column":49},"end":{"line":28,"column":60}},"15":{"start":{"line":29,"column":4},"end":{"line":34,"column":11}},"16":{"start":{"line":30,"column":6},"end":{"line":32,"column":7}},"17":{"start":{"line":30,"column":27},"end":{"line":30,"column":42}},"18":{"start":{"line":31,"column":8},"end":{"line":31,"column":22}},"19":{"start":{"line":33,"column":6},"end":{"line":33,"column":17}},"20":{"start":{"line":35,"column":4},"end":{"line":35,"column":64}},"21":{"start":{"line":39,"column":4},"end":{"line":39,"column":52}},"22":{"start":{"line":40,"column":4},"end":{"line":40,"column":23}},"23":{"start":{"line":44,"column":23},"end":{"line":44,"column":52}},"24":{"start":{"line":45,"column":4},"end":{"line":45,"column":56}},"25":{"start":{"line":50,"column":4},"end":{"line":50,"column":25}},"26":{"start":{"line":54,"column":4},"end":{"line":54,"column":56}},"27":{"start":{"line":54,"column":40},"end":{"line":54,"column":54}},"28":{"start":{"line":65,"column":4},"end":{"line":76,"column":5}},"29":{"start":{"line":68,"column":48},"end":{"line":68,"column":69}},"30":{"start":{"line":70,"column":6},"end":{"line":70,"column":30}},"31":{"start":{"line":71,"column":6},"end":{"line":71,"column":38}},"32":{"start":{"line":73,"column":19},"end":{"line":73,"column":69}},"33":{"start":{"line":74,"column":6},"end":{"line":74,"column":30}},"34":{"start":{"line":75,"column":6},"end":{"line":75,"column":31}},"35":{"start":{"line":80,"column":4},"end":{"line":80,"column":36}},"36":{"start":{"line":81,"column":4},"end":{"line":81,"column":29}},"37":{"start":{"line":85,"column":17},"end":{"line":85,"column":33}},"38":{"start":{"line":86,"column":4},"end":{"line":89,"column":5}},"39":{"start":{"line":87,"column":6},"end":{"line":87,"column":38}},"40":{"start":{"line":88,"column":6},"end":{"line":88,"column":36}},"41":{"start":{"line":93,"column":4},"end":{"line":98,"column":7}},"42":{"start":{"line":94,"column":6},"end":{"line":96,"column":7}},"43":{"start":{"line":95,"column":8},"end":{"line":95,"column":27}},"44":{"start":{"line":97,"column":6},"end":{"line":97,"column":18}},"45":{"start":{"line":102,"column":4},"end":{"line":102,"column":67}},"46":{"start":{"line":102,"column":51},"end":{"line":102,"column":65}},"47":{"start":{"line":106,"column":4},"end":{"line":106,"column":23}},"48":{"start":{"line":110,"column":17},"end":{"line":110,"column":33}},"49":{"start":{"line":111,"column":4},"end":{"line":113,"column":5}},"50":{"start":{"line":112,"column":6},"end":{"line":112,"column":20}},"51":{"start":{"line":116,"column":17},"end":{"line":116,"column":33}},"52":{"start":{"line":117,"column":4},"end":{"line":119,"column":5}},"53":{"start":{"line":118,"column":6},"end":{"line":118,"column":22}},"54":{"start":{"line":3,"column":0},"end":{"line":3,"column":21}}},"fnMap":{"0":{"name":"(anonymous_1)","decl":{"start":{"line":3,"column":0},"end":{"line":3,"column":21}},"loc":{"start":{"line":3,"column":0},"end":{"line":121,"column":1}}},"1":{"name":"(anonymous_2)","decl":{"start":{"line":9,"column":2},"end":{"line":9,"column":12}},"loc":{"start":{"line":9,"column":12},"end":{"line":14,"column":3}}},"2":{"name":"(anonymous_3)","decl":{"start":{"line":16,"column":2},"end":{"line":16,"column":5}},"loc":{"start":{"line":16,"column":17},"end":{"line":18,"column":3}}},"3":{"name":"(anonymous_4)","decl":{"start":{"line":20,"column":2},"end":{"line":20,"column":6}},"loc":{"start":{"line":20,"column":6},"end":{"line":24,"column":3}}},"4":{"name":"(anonymous_5)","decl":{"start":{"line":23,"column":24},"end":{"line":23,"column":25}},"loc":{"start":{"line":23,"column":34},"end":{"line":23,"column":48}}},"5":{"name":"(anonymous_6)","decl":{"start":{"line":26,"column":2},"end":{"line":26,"column":8}},"loc":{"start":{"line":26,"column":22},"end":{"line":36,"column":3}}},"6":{"name":"(anonymous_7)","decl":{"start":{"line":27,"column":48},"end":{"line":27,"column":49}},"loc":{"start":{"line":27,"column":55},"end":{"line":27,"column":66}}},"7":{"name":"(anonymous_8)","decl":{"start":{"line":28,"column":42},"end":{"line":28,"column":43}},"loc":{"start":{"line":28,"column":49},"end":{"line":28,"column":60}}},"8":{"name":"(anonymous_9)","decl":{"start":{"line":29,"column":53},"end":{"line":29,"column":54}},"loc":{"start":{"line":29,"column":66},"end":{"line":34,"column":5}}},"9":{"name":"(anonymous_10)","decl":{"start":{"line":30,"column":20},"end":{"line":30,"column":21}},"loc":{"start":{"line":30,"column":27},"end":{"line":30,"column":42}}},"10":{"name":"(anonymous_11)","decl":{"start":{"line":38,"column":2},"end":{"line":38,"column":6}},"loc":{"start":{"line":38,"column":32},"end":{"line":41,"column":3}}},"11":{"name":"(anonymous_12)","decl":{"start":{"line":43,"column":2},"end":{"line":43,"column":9}},"loc":{"start":{"line":43,"column":9},"end":{"line":46,"column":3}}},"12":{"name":"(anonymous_13)","decl":{"start":{"line":49,"column":2},"end":{"line":49,"column":9}},"loc":{"start":{"line":49,"column":9},"end":{"line":51,"column":3}}},"13":{"name":"(anonymous_14)","decl":{"start":{"line":53,"column":2},"end":{"line":53,"column":9}},"loc":{"start":{"line":53,"column":20},"end":{"line":55,"column":3}}},"14":{"name":"(anonymous_15)","decl":{"start":{"line":54,"column":30},"end":{"line":54,"column":31}},"loc":{"start":{"line":54,"column":40},"end":{"line":54,"column":54}}},"15":{"name":"(anonymous_16)","decl":{"start":{"line":59,"column":2},"end":{"line":59,"column":5}},"loc":{"start":{"line":63,"column":20},"end":{"line":77,"column":3}}},"16":{"name":"(anonymous_17)","decl":{"start":{"line":68,"column":39},"end":{"line":68,"column":40}},"loc":{"start":{"line":68,"column":48},"end":{"line":68,"column":69}}},"17":{"name":"(anonymous_18)","decl":{"start":{"line":79,"column":2},"end":{"line":79,"column":7}},"loc":{"start":{"line":79,"column":36},"end":{"line":82,"column":3}}},"18":{"name":"(anonymous_19)","decl":{"start":{"line":84,"column":2},"end":{"line":84,"column":16}},"loc":{"start":{"line":84,"column":45},"end":{"line":90,"column":3}}},"19":{"name":"(anonymous_20)","decl":{"start":{"line":92,"column":2},"end":{"line":92,"column":18}},"loc":{"start":{"line":92,"column":39},"end":{"line":99,"column":3}}},"20":{"name":"(anonymous_21)","decl":{"start":{"line":93,"column":38},"end":{"line":93,"column":39}},"loc":{"start":{"line":93,"column":47},"end":{"line":98,"column":5}}},"21":{"name":"(anonymous_22)","decl":{"start":{"line":101,"column":2},"end":{"line":101,"column":8}},"loc":{"start":{"line":101,"column":19},"end":{"line":103,"column":3}}},"22":{"name":"(anonymous_23)","decl":{"start":{"line":102,"column":41},"end":{"line":102,"column":42}},"loc":{"start":{"line":102,"column":51},"end":{"line":102,"column":65}}},"23":{"name":"(anonymous_24)","decl":{"start":{"line":105,"column":2},"end":{"line":105,"column":7}},"loc":{"start":{"line":105,"column":7},"end":{"line":107,"column":3}}},"24":{"name":"(anonymous_25)","decl":{"start":{"line":109,"column":2},"end":{"line":109,"column":10}},"loc":{"start":{"line":109,"column":21},"end":{"line":114,"column":3}}},"25":{"name":"(anonymous_26)","decl":{"start":{"line":115,"column":2},"end":{"line":115,"column":12}},"loc":{"start":{"line":115,"column":23},"end":{"line":120,"column":3}}}},"branchMap":{"0":{"loc":{"start":{"line":10,"column":4},"end":{"line":12,"column":5}},"type":"if","locations":[{"start":{"line":10,"column":4},"end":{"line":12,"column":5}}]},"1":{"loc":{"start":{"line":30,"column":6},"end":{"line":32,"column":7}},"type":"if","locations":[{"start":{"line":30,"column":6},"end":{"line":32,"column":7}}]},"2":{"loc":{"start":{"line":65,"column":4},"end":{"line":76,"column":5}},"type":"if","locations":[{"start":{"line":65,"column":4},"end":{"line":76,"column":5}},{"start":{"line":72,"column":11},"end":{"line":76,"column":5}}]},"3":{"loc":{"start":{"line":66,"column":6},"end":{"line":68,"column":71}},"type":"binary-expr","locations":[{"start":{"line":66,"column":6},"end":{"line":66,"column":33}},{"start":{"line":67,"column":7},"end":{"line":67,"column":38}},{"start":{"line":68,"column":8},"end":{"line":68,"column":70}}]},"4":{"loc":{"start":{"line":86,"column":4},"end":{"line":89,"column":5}},"type":"if","locations":[{"start":{"line":86,"column":4},"end":{"line":89,"column":5}}]},"5":{"loc":{"start":{"line":92,"column":19},"end":{"line":92,"column":39}},"type":"default-arg","locations":[{"start":{"line":92,"column":38},"end":{"line":92,"column":39}}]},"6":{"loc":{"start":{"line":94,"column":6},"end":{"line":96,"column":7}},"type":"if","locations":[{"start":{"line":94,"column":6},"end":{"line":96,"column":7}}]},"7":{"loc":{"start":{"line":111,"column":4},"end":{"line":113,"column":5}},"type":"if","locations":[{"start":{"line":111,"column":4},"end":{"line":113,"column":5}}]},"8":{"loc":{"start":{"line":117,"column":4},"end":{"line":119,"column":5}},"type":"if","locations":[{"start":{"line":117,"column":4},"end":{"line":119,"column":5}}]}},"s":{"0":1,"1":1,"2":1,"3":0,"4":0,"5":0,"6":0,"7":0,"8":0,"9":0,"10":0,"11":0,"12":0,"13":0,"14":0,"15":0,"16":0,"17":0,"18":0,"19":0,"20":0,"21":0,"22":0,"23":0,"24":0,"25":0,"26":0,"27":0,"28":7,"29":0,"30":7,"31":7,"32":0,"33":0,"34":0,"35":0,"36":0,"37":0,"38":0,"39":0,"40":0,"41":7,"42":0,"43":0,"44":0,"45":1,"46":1,"47":7,"48":0,"49":0,"50":0,"51":0,"52":0,"53":0,"54":1},"f":{"0":1,"1":0,"2":0,"3":0,"4":0,"5":0,"6":0,"7":0,"8":0,"9":0,"10":0,"11":0,"12":0,"13":0,"14":0,"15":7,"16":0,"17":0,"18":0,"19":7,"20":0,"21":1,"22":1,"23":7,"24":0,"25":0},"b":{"0":[0],"1":[0],"2":[7,0],"3":[7,0,0],"4":[0],"5":[7],"6":[0],"7":[0],"8":[0]}}
,"C:\\kimson\\Kim_Coding\\project\\meeting-minutes\\src\\model\\todo.ts": {"path":"C:\\kimson\\Kim_Coding\\project\\meeting-minutes\\src\\model\\todo.ts","statementMap":{"0":{"start":{"line":1,"column":0},"end":{"line":1,"column":26}},"1":{"start":{"line":3,"column":0},"end":{"line":3,"column":36}},"2":{"start":{"line":49,"column":18},"end":{"line":57,"column":30}},"3":{"start":{"line":57,"column":20},"end":{"line":57,"column":29}},"4":{"start":{"line":58,"column":17},"end":{"line":60,"column":23}},"5":{"start":{"line":61,"column":4},"end":{"line":61,"column":16}},"6":{"start":{"line":64,"column":16},"end":{"line":64,"column":31}},"7":{"start":{"line":65,"column":4},"end":{"line":65,"column":15}},"8":{"start":{"line":68,"column":2},"end":{"line":68,"column":null}},"9":{"start":{"line":69,"column":2},"end":{"line":69,"column":null}},"10":{"start":{"line":70,"column":2},"end":{"line":70,"column":null}},"11":{"start":{"line":71,"column":2},"end":{"line":71,"column":null}},"12":{"start":{"line":72,"column":2},"end":{"line":72,"column":null}},"13":{"start":{"line":73,"column":2},"end":{"line":73,"column":null}},"14":{"start":{"line":74,"column":2},"end":{"line":74,"column":null}},"15":{"start":{"line":75,"column":2},"end":{"line":75,"column":null}},"16":{"start":{"line":90,"column":4},"end":{"line":112,"column":5}},"17":{"start":{"line":92,"column":48},"end":{"line":92,"column":59}},"18":{"start":{"line":95,"column":6},"end":{"line":95,"column":31}},"19":{"start":{"line":96,"column":6},"end":{"line":96,"column":37}},"20":{"start":{"line":97,"column":6},"end":{"line":97,"column":41}},"21":{"start":{"line":98,"column":6},"end":{"line":98,"column":45}},"22":{"start":{"line":99,"column":6},"end":{"line":99,"column":41}},"23":{"start":{"line":100,"column":6},"end":{"line":100,"column":43}},"24":{"start":{"line":101,"column":6},"end":{"line":101,"column":35}},"25":{"start":{"line":102,"column":6},"end":{"line":102,"column":43}},"26":{"start":{"line":104,"column":6},"end":{"line":104,"column":31}},"27":{"start":{"line":105,"column":6},"end":{"line":105,"column":31}},"28":{"start":{"line":106,"column":6},"end":{"line":106,"column":29}},"29":{"start":{"line":107,"column":6},"end":{"line":107,"column":33}},"30":{"start":{"line":108,"column":6},"end":{"line":108,"column":29}},"31":{"start":{"line":109,"column":6},"end":{"line":109,"column":28}},"32":{"start":{"line":110,"column":6},"end":{"line":110,"column":24}},"33":{"start":{"line":111,"column":6},"end":{"line":111,"column":24}},"34":{"start":{"line":116,"column":4},"end":{"line":116,"column":29}},"35":{"start":{"line":120,"column":4},"end":{"line":120,"column":29}},"36":{"start":{"line":124,"column":4},"end":{"line":124,"column":25}},"37":{"start":{"line":128,"column":4},"end":{"line":128,"column":26}},"38":{"start":{"line":5,"column":0},"end":{"line":5,"column":21}}},"fnMap":{"0":{"name":"(anonymous_1)","decl":{"start":{"line":40,"column":2},"end":{"line":40,"column":8}},"loc":{"start":{"line":47,"column":25},"end":{"line":62,"column":3}}},"1":{"name":"(anonymous_2)","decl":{"start":{"line":57,"column":13},"end":{"line":57,"column":14}},"loc":{"start":{"line":57,"column":20},"end":{"line":57,"column":29}}},"2":{"name":"(anonymous_3)","decl":{"start":{"line":63,"column":2},"end":{"line":63,"column":8}},"loc":{"start":{"line":63,"column":12},"end":{"line":66,"column":3}}},"3":{"name":"(anonymous_4)","decl":{"start":{"line":84,"column":2},"end":{"line":84,"column":null}},"loc":{"start":{"line":88,"column":20},"end":{"line":113,"column":3}}},"4":{"name":"(anonymous_5)","decl":{"start":{"line":92,"column":39},"end":{"line":92,"column":40}},"loc":{"start":{"line":92,"column":48},"end":{"line":92,"column":59}}},"5":{"name":"(anonymous_6)","decl":{"start":{"line":115,"column":2},"end":{"line":115,"column":16}},"loc":{"start":{"line":115,"column":33},"end":{"line":117,"column":3}}},"6":{"name":"(anonymous_7)","decl":{"start":{"line":119,"column":2},"end":{"line":119,"column":13}},"loc":{"start":{"line":119,"column":30},"end":{"line":121,"column":3}}},"7":{"name":"(anonymous_8)","decl":{"start":{"line":123,"column":2},"end":{"line":123,"column":8}},"loc":{"start":{"line":123,"column":8},"end":{"line":125,"column":3}}},"8":{"name":"(anonymous_9)","decl":{"start":{"line":127,"column":2},"end":{"line":127,"column":10}},"loc":{"start":{"line":127,"column":10},"end":{"line":129,"column":3}}}},"branchMap":{"0":{"loc":{"start":{"line":51,"column":6},"end":{"line":51,"column":27}},"type":"cond-expr","locations":[{"start":{"line":51,"column":14},"end":{"line":51,"column":23}},{"start":{"line":51,"column":26},"end":{"line":51,"column":27}}]},"1":{"loc":{"start":{"line":52,"column":6},"end":{"line":52,"column":15}},"type":"binary-expr","locations":[{"start":{"line":52,"column":6},"end":{"line":52,"column":10}},{"start":{"line":52,"column":14},"end":{"line":52,"column":15}}]},"2":{"loc":{"start":{"line":53,"column":6},"end":{"line":53,"column":15}},"type":"binary-expr","locations":[{"start":{"line":53,"column":6},"end":{"line":53,"column":10}},{"start":{"line":53,"column":14},"end":{"line":53,"column":15}}]},"3":{"loc":{"start":{"line":54,"column":6},"end":{"line":54,"column":18}},"type":"binary-expr","locations":[{"start":{"line":54,"column":6},"end":{"line":54,"column":13}},{"start":{"line":54,"column":17},"end":{"line":54,"column":18}}]},"4":{"loc":{"start":{"line":55,"column":6},"end":{"line":55,"column":18}},"type":"binary-expr","locations":[{"start":{"line":55,"column":6},"end":{"line":55,"column":13}},{"start":{"line":55,"column":17},"end":{"line":55,"column":18}}]},"5":{"loc":{"start":{"line":56,"column":6},"end":{"line":56,"column":23}},"type":"binary-expr","locations":[{"start":{"line":56,"column":6},"end":{"line":56,"column":18}},{"start":{"line":56,"column":22},"end":{"line":56,"column":23}}]},"6":{"loc":{"start":{"line":58,"column":17},"end":{"line":60,"column":23}},"type":"cond-expr","locations":[{"start":{"line":59,"column":8},"end":{"line":59,"column":51}},{"start":{"line":60,"column":8},"end":{"line":60,"column":23}}]},"7":{"loc":{"start":{"line":90,"column":4},"end":{"line":112,"column":5}},"type":"if","locations":[{"start":{"line":90,"column":4},"end":{"line":112,"column":5}},{"start":{"line":103,"column":11},"end":{"line":112,"column":5}}]},"8":{"loc":{"start":{"line":91,"column":6},"end":{"line":93,"column":33}},"type":"binary-expr","locations":[{"start":{"line":91,"column":7},"end":{"line":91,"column":38}},{"start":{"line":92,"column":8},"end":{"line":92,"column":60}},{"start":{"line":93,"column":6},"end":{"line":93,"column":33}}]}},"s":{"0":1,"1":1,"2":7,"3":49,"4":7,"5":7,"6":7,"7":7,"8":7,"9":7,"10":7,"11":7,"12":7,"13":7,"14":7,"15":7,"16":7,"17":0,"18":0,"19":0,"20":0,"21":0,"22":0,"23":0,"24":0,"25":0,"26":7,"27":7,"28":7,"29":7,"30":7,"31":7,"32":7,"33":7,"34":0,"35":0,"36":2,"37":1,"38":1},"f":{"0":7,"1":49,"2":7,"3":7,"4":0,"5":0,"6":0,"7":2,"8":1},"b":{"0":[0,7],"1":[7,7],"2":[7,7],"3":[7,7],"4":[7,7],"5":[7,7],"6":[0,7],"7":[0,7],"8":[7,0,7]}}
,"C:\\kimson\\Kim_Coding\\project\\meeting-minutes\\src\\util\\features.ts": {"path":"C:\\kimson\\Kim_Coding\\project\\meeting-minutes\\src\\util\\features.ts","statementMap":{"0":{"start":{"line":1,"column":22},"end":{"line":32,"column":1}},"1":{"start":{"line":2,"column":19},"end":{"line":2,"column":33}},"2":{"start":{"line":3,"column":15},"end":{"line":3,"column":37}},"3":{"start":{"line":4,"column":16},"end":{"line":4,"column":35}},"4":{"start":{"line":5,"column":15},"end":{"line":5,"column":33}},"5":{"start":{"line":6,"column":15},"end":{"line":6,"column":34}},"6":{"start":{"line":7,"column":17},"end":{"line":7,"column":38}},"7":{"start":{"line":8,"column":17},"end":{"line":8,"column":38}},"8":{"start":{"line":9,"column":22},"end":{"line":9,"column":48}},"9":{"start":{"line":10,"column":18},"end":{"line":11,"column":37}},"10":{"start":{"line":11,"column":4},"end":{"line":11,"column":37}},"11":{"start":{"line":12,"column":2},"end":{"line":31,"column":5}},"12":{"start":{"line":13,"column":4},"end":{"line":30,"column":5}},"13":{"start":{"line":15,"column":8},"end":{"line":15,"column":32}},"14":{"start":{"line":17,"column":8},"end":{"line":17,"column":37}},"15":{"start":{"line":19,"column":8},"end":{"line":19,"column":32}},"16":{"start":{"line":21,"column":8},"end":{"line":21,"column":32}},"17":{"start":{"line":23,"column":8},"end":{"line":23,"column":34}},"18":{"start":{"line":25,"column":8},"end":{"line":25,"column":34}},"19":{"start":{"line":27,"column":8},"end":{"line":27,"column":39}},"20":{"start":{"line":29,"column":8},"end":{"line":29,"column":18}},"21":{"start":{"line":1,"column":13},"end":{"line":1,"column":22}}},"fnMap":{"0":{"name":"(anonymous_0)","decl":{"start":{"line":1,"column":22},"end":{"line":1,"column":23}},"loc":{"start":{"line":1,"column":60},"end":{"line":32,"column":1}}},"1":{"name":"(anonymous_1)","decl":{"start":{"line":10,"column":18},"end":{"line":10,"column":19}},"loc":{"start":{"line":11,"column":4},"end":{"line":11,"column":37}}},"2":{"name":"(anonymous_2)","decl":{"start":{"line":12,"column":53},"end":{"line":12,"column":54}},"loc":{"start":{"line":12,"column":60},"end":{"line":31,"column":3}}}},"branchMap":{"0":{"loc":{"start":{"line":13,"column":4},"end":{"line":30,"column":5}},"type":"switch","locations":[{"start":{"line":14,"column":6},"end":{"line":15,"column":32}},{"start":{"line":16,"column":6},"end":{"line":17,"column":37}},{"start":{"line":18,"column":6},"end":{"line":19,"column":32}},{"start":{"line":20,"column":6},"end":{"line":21,"column":32}},{"start":{"line":22,"column":6},"end":{"line":23,"column":34}},{"start":{"line":24,"column":6},"end":{"line":25,"column":34}},{"start":{"line":26,"column":6},"end":{"line":27,"column":39}},{"start":{"line":28,"column":6},"end":{"line":29,"column":18}}]}},"s":{"0":1,"1":20,"2":20,"3":20,"4":20,"5":20,"6":20,"7":20,"8":20,"9":20,"10":140,"11":20,"12":140,"13":20,"14":20,"15":20,"16":20,"17":20,"18":20,"19":20,"20":0,"21":1},"f":{"0":20,"1":140,"2":140},"b":{"0":[20,20,20,20,20,20,20,0]}}
}
