TN:
SF:src\model\timestamp.ts
FN:4,(anonymous_0)
FN:13,(anonymous_1)
FN:16,(anonymous_2)
FN:19,(anonymous_3)
FN:22,(anonymous_4)
FN:25,(anonymous_5)
FN:28,(anonymous_6)
FN:31,(anonymous_7)
FN:35,(anonymous_8)
FN:45,(anonymous_9)
FN:50,(anonymous_10)
FN:53,(anonymous_11)
FN:56,(anonymous_12)
FN:59,(anonymous_13)
FN:62,(anonymous_14)
FNF:15
FNH:8
FNDA:0,(anonymous_0)
FNDA:2,(anonymous_1)
FNDA:1,(anonymous_2)
FNDA:0,(anonymous_3)
FNDA:7,(anonymous_4)
FNDA:0,(anonymous_5)
FNDA:0,(anonymous_6)
FNDA:0,(anonymous_7)
FNDA:2,(anonymous_8)
FNDA:3,(anonymous_9)
FNDA:1,(anonymous_10)
FNDA:1,(anonymous_11)
FNDA:1,(anonymous_12)
FNDA:0,(anonymous_13)
FNDA:0,(anonymous_14)
DA:1,1
DA:3,1
DA:5,0
DA:6,0
DA:7,0
DA:8,0
DA:9,0
DA:10,0
DA:11,0
DA:14,2
DA:17,1
DA:20,0
DA:23,7
DA:26,0
DA:29,0
DA:32,0
DA:36,2
DA:37,2
DA:38,2
DA:39,2
DA:40,2
DA:41,2
DA:42,2
DA:46,3
DA:51,1
DA:54,1
DA:57,1
DA:60,0
DA:63,0
LF:29
LH:16
BRDA:36,0,0,2
BRDA:36,0,1,2
BRDA:37,1,0,2
BRDA:37,1,1,1
BRDA:38,2,0,2
BRDA:38,2,1,0
BRDA:39,3,0,2
BRDA:39,3,1,0
BRDA:40,4,0,2
BRDA:40,4,1,0
BRDA:41,5,0,2
BRDA:41,5,1,0
BRDA:42,6,0,2
BRDA:42,6,1,0
BRF:14
BRH:9
end_of_record
TN:
SF:src\model\todo.manager.ts
FN:3,(anonymous_1)
FN:9,(anonymous_2)
FN:16,(anonymous_3)
FN:20,(anonymous_4)
FN:23,(anonymous_5)
FN:26,(anonymous_6)
FN:27,(anonymous_7)
FN:28,(anonymous_8)
FN:29,(anonymous_9)
FN:30,(anonymous_10)
FN:38,(anonymous_11)
FN:43,(anonymous_12)
FN:49,(anonymous_13)
FN:53,(anonymous_14)
FN:54,(anonymous_15)
FN:59,(anonymous_16)
FN:68,(anonymous_17)
FN:79,(anonymous_18)
FN:84,(anonymous_19)
FN:92,(anonymous_20)
FN:93,(anonymous_21)
FN:101,(anonymous_22)
FN:102,(anonymous_23)
FN:105,(anonymous_24)
FN:109,(anonymous_25)
FN:115,(anonymous_26)
FNF:26
FNH:6
FNDA:1,(anonymous_1)
FNDA:0,(anonymous_2)
FNDA:0,(anonymous_3)
FNDA:0,(anonymous_4)
FNDA:0,(anonymous_5)
FNDA:0,(anonymous_6)
FNDA:0,(anonymous_7)
FNDA:0,(anonymous_8)
FNDA:0,(anonymous_9)
FNDA:0,(anonymous_10)
FNDA:0,(anonymous_11)
FNDA:0,(anonymous_12)
FNDA:0,(anonymous_13)
FNDA:0,(anonymous_14)
FNDA:0,(anonymous_15)
FNDA:7,(anonymous_16)
FNDA:0,(anonymous_17)
FNDA:0,(anonymous_18)
FNDA:0,(anonymous_19)
FNDA:7,(anonymous_20)
FNDA:0,(anonymous_21)
FNDA:1,(anonymous_22)
FNDA:1,(anonymous_23)
FNDA:7,(anonymous_24)
FNDA:0,(anonymous_25)
FNDA:0,(anonymous_26)
DA:1,1
DA:3,1
DA:4,1
DA:6,1
DA:10,0
DA:11,0
DA:13,0
DA:17,0
DA:21,0
DA:22,0
DA:23,0
DA:27,0
DA:28,0
DA:29,0
DA:30,0
DA:31,0
DA:33,0
DA:35,0
DA:39,0
DA:40,0
DA:44,0
DA:45,0
DA:50,0
DA:54,0
DA:65,7
DA:68,0
DA:70,7
DA:71,7
DA:73,0
DA:74,0
DA:75,0
DA:80,0
DA:81,0
DA:85,0
DA:86,0
DA:87,0
DA:88,0
DA:93,7
DA:94,0
DA:95,0
DA:97,0
DA:102,1
DA:106,7
DA:110,0
DA:111,0
DA:112,0
DA:116,0
DA:117,0
DA:118,0
LF:49
LH:10
BRDA:10,0,0,0
BRDA:30,1,0,0
BRDA:65,2,0,7
BRDA:65,2,1,0
BRDA:66,3,0,7
BRDA:66,3,1,0
BRDA:66,3,2,0
BRDA:86,4,0,0
BRDA:92,5,0,7
BRDA:94,6,0,0
BRDA:111,7,0,0
BRDA:117,8,0,0
BRF:12
BRH:3
end_of_record
TN:
SF:src\model\todo.ts
FN:40,(anonymous_1)
FN:57,(anonymous_2)
FN:63,(anonymous_3)
FN:84,(anonymous_4)
FN:92,(anonymous_5)
FN:115,(anonymous_6)
FN:119,(anonymous_7)
FN:123,(anonymous_8)
FN:127,(anonymous_9)
FNF:9
FNH:6
FNDA:7,(anonymous_1)
FNDA:49,(anonymous_2)
FNDA:7,(anonymous_3)
FNDA:7,(anonymous_4)
FNDA:0,(anonymous_5)
FNDA:0,(anonymous_6)
FNDA:0,(anonymous_7)
FNDA:2,(anonymous_8)
FNDA:1,(anonymous_9)
DA:1,1
DA:3,1
DA:5,1
DA:49,7
DA:57,49
DA:58,7
DA:61,7
DA:64,7
DA:65,7
DA:68,7
DA:69,7
DA:70,7
DA:71,7
DA:72,7
DA:73,7
DA:74,7
DA:75,7
DA:90,7
DA:92,0
DA:95,0
DA:96,0
DA:97,0
DA:98,0
DA:99,0
DA:100,0
DA:101,0
DA:102,0
DA:104,7
DA:105,7
DA:106,7
DA:107,7
DA:108,7
DA:109,7
DA:110,7
DA:111,7
DA:116,0
DA:120,0
DA:124,2
DA:128,1
LF:39
LH:28
BRDA:51,0,0,0
BRDA:51,0,1,7
BRDA:52,1,0,7
BRDA:52,1,1,7
BRDA:53,2,0,7
BRDA:53,2,1,7
BRDA:54,3,0,7
BRDA:54,3,1,7
BRDA:55,4,0,7
BRDA:55,4,1,7
BRDA:56,5,0,7
BRDA:56,5,1,7
BRDA:58,6,0,0
BRDA:58,6,1,7
BRDA:90,7,0,0
BRDA:90,7,1,7
BRDA:91,8,0,7
BRDA:91,8,1,0
BRDA:91,8,2,7
BRF:19
BRH:15
end_of_record
TN:
SF:src\util\features.ts
FN:1,(anonymous_0)
FN:10,(anonymous_1)
FN:12,(anonymous_2)
FNF:3
FNH:3
FNDA:20,(anonymous_0)
FNDA:140,(anonymous_1)
FNDA:140,(anonymous_2)
DA:1,1
DA:2,20
DA:3,20
DA:4,20
DA:5,20
DA:6,20
DA:7,20
DA:8,20
DA:9,20
DA:10,20
DA:11,140
DA:12,20
DA:13,140
DA:15,20
DA:17,20
DA:19,20
DA:21,20
DA:23,20
DA:25,20
DA:27,20
DA:29,0
LF:21
LH:20
BRDA:13,0,0,20
BRDA:13,0,1,20
BRDA:13,0,2,20
BRDA:13,0,3,20
BRDA:13,0,4,20
BRDA:13,0,5,20
BRDA:13,0,6,20
BRDA:13,0,7,0
BRF:8
BRH:7
end_of_record
